{"level":"error","message":"Can not get the genres..... Can not get the genres.....","stack":"Error: Can not get the genres.....\n    at D:\\Code\\learnCode\\Code\\react\\Mosh\\mosh-backend-project-vidly\\routes\\genres.js:11:9\n    at newFn (D:\\Code\\learnCode\\Code\\react\\Mosh\\mosh-backend-project-vidly\\node_modules\\express-async-errors\\index.js:16:20)\n    at Layer.handle [as handle_request] (D:\\Code\\learnCode\\Code\\react\\Mosh\\mosh-backend-project-vidly\\node_modules\\express\\lib\\router\\layer.js:95:5)\n    at next (D:\\Code\\learnCode\\Code\\react\\Mosh\\mosh-backend-project-vidly\\node_modules\\express\\lib\\router\\route.js:137:13)\n    at Route.dispatch (D:\\Code\\learnCode\\Code\\react\\Mosh\\mosh-backend-project-vidly\\node_modules\\express\\lib\\router\\route.js:112:3)\n    at newFn (D:\\Code\\learnCode\\Code\\react\\Mosh\\mosh-backend-project-vidly\\node_modules\\express-async-errors\\index.js:16:20)\n    at Layer.handle [as handle_request] (D:\\Code\\learnCode\\Code\\react\\Mosh\\mosh-backend-project-vidly\\node_modules\\express\\lib\\router\\layer.js:95:5)\n    at D:\\Code\\learnCode\\Code\\react\\Mosh\\mosh-backend-project-vidly\\node_modules\\express\\lib\\router\\index.js:281:22\n    at Function.process_params (D:\\Code\\learnCode\\Code\\react\\Mosh\\mosh-backend-project-vidly\\node_modules\\express\\lib\\router\\index.js:335:12)\n    at next (D:\\Code\\learnCode\\Code\\react\\Mosh\\mosh-backend-project-vidly\\node_modules\\express\\lib\\router\\index.js:275:10)"}
{"level":"error","message":"Can not get the genres..... Can not get the genres.....","stack":"Error: Can not get the genres.....\n    at D:\\Code\\learnCode\\Code\\react\\Mosh\\mosh-backend-project-vidly\\routes\\genres.js:11:9\n    at newFn (D:\\Code\\learnCode\\Code\\react\\Mosh\\mosh-backend-project-vidly\\node_modules\\express-async-errors\\index.js:16:20)\n    at Layer.handle [as handle_request] (D:\\Code\\learnCode\\Code\\react\\Mosh\\mosh-backend-project-vidly\\node_modules\\express\\lib\\router\\layer.js:95:5)\n    at next (D:\\Code\\learnCode\\Code\\react\\Mosh\\mosh-backend-project-vidly\\node_modules\\express\\lib\\router\\route.js:137:13)\n    at Route.dispatch (D:\\Code\\learnCode\\Code\\react\\Mosh\\mosh-backend-project-vidly\\node_modules\\express\\lib\\router\\route.js:112:3)\n    at newFn (D:\\Code\\learnCode\\Code\\react\\Mosh\\mosh-backend-project-vidly\\node_modules\\express-async-errors\\index.js:16:20)\n    at Layer.handle [as handle_request] (D:\\Code\\learnCode\\Code\\react\\Mosh\\mosh-backend-project-vidly\\node_modules\\express\\lib\\router\\layer.js:95:5)\n    at D:\\Code\\learnCode\\Code\\react\\Mosh\\mosh-backend-project-vidly\\node_modules\\express\\lib\\router\\index.js:281:22\n    at Function.process_params (D:\\Code\\learnCode\\Code\\react\\Mosh\\mosh-backend-project-vidly\\node_modules\\express\\lib\\router\\index.js:335:12)\n    at next (D:\\Code\\learnCode\\Code\\react\\Mosh\\mosh-backend-project-vidly\\node_modules\\express\\lib\\router\\index.js:275:10)"}
{"level":"info","message":"Connected to MongoDB..."}
{"level":"info","message":"Connected to MongoDB..."}
{"level":"error","message":"Can not get the genres..... Can not get the genres.....","stack":"Error: Can not get the genres.....\n    at D:\\Code\\learnCode\\Code\\react\\Mosh\\mosh-backend-project-vidly\\routes\\genres.js:11:9\n    at newFn (D:\\Code\\learnCode\\Code\\react\\Mosh\\mosh-backend-project-vidly\\node_modules\\express-async-errors\\index.js:16:20)\n    at Layer.handle [as handle_request] (D:\\Code\\learnCode\\Code\\react\\Mosh\\mosh-backend-project-vidly\\node_modules\\express\\lib\\router\\layer.js:95:5)\n    at next (D:\\Code\\learnCode\\Code\\react\\Mosh\\mosh-backend-project-vidly\\node_modules\\express\\lib\\router\\route.js:137:13)\n    at Route.dispatch (D:\\Code\\learnCode\\Code\\react\\Mosh\\mosh-backend-project-vidly\\node_modules\\express\\lib\\router\\route.js:112:3)\n    at newFn (D:\\Code\\learnCode\\Code\\react\\Mosh\\mosh-backend-project-vidly\\node_modules\\express-async-errors\\index.js:16:20)\n    at Layer.handle [as handle_request] (D:\\Code\\learnCode\\Code\\react\\Mosh\\mosh-backend-project-vidly\\node_modules\\express\\lib\\router\\layer.js:95:5)\n    at D:\\Code\\learnCode\\Code\\react\\Mosh\\mosh-backend-project-vidly\\node_modules\\express\\lib\\router\\index.js:281:22\n    at Function.process_params (D:\\Code\\learnCode\\Code\\react\\Mosh\\mosh-backend-project-vidly\\node_modules\\express\\lib\\router\\index.js:335:12)\n    at next (D:\\Code\\learnCode\\Code\\react\\Mosh\\mosh-backend-project-vidly\\node_modules\\express\\lib\\router\\index.js:275:10)"}
{"level":"info","message":"Connected to MongoDB..."}
{"level":"error","message":"Can not get the genres..... Can not get the genres.....","stack":"Error: Can not get the genres.....\n    at D:\\Code\\learnCode\\Code\\react\\Mosh\\mosh-backend-project-vidly\\routes\\genres.js:11:9\n    at newFn (D:\\Code\\learnCode\\Code\\react\\Mosh\\mosh-backend-project-vidly\\node_modules\\express-async-errors\\index.js:16:20)\n    at Layer.handle [as handle_request] (D:\\Code\\learnCode\\Code\\react\\Mosh\\mosh-backend-project-vidly\\node_modules\\express\\lib\\router\\layer.js:95:5)\n    at next (D:\\Code\\learnCode\\Code\\react\\Mosh\\mosh-backend-project-vidly\\node_modules\\express\\lib\\router\\route.js:137:13)\n    at Route.dispatch (D:\\Code\\learnCode\\Code\\react\\Mosh\\mosh-backend-project-vidly\\node_modules\\express\\lib\\router\\route.js:112:3)\n    at newFn (D:\\Code\\learnCode\\Code\\react\\Mosh\\mosh-backend-project-vidly\\node_modules\\express-async-errors\\index.js:16:20)\n    at Layer.handle [as handle_request] (D:\\Code\\learnCode\\Code\\react\\Mosh\\mosh-backend-project-vidly\\node_modules\\express\\lib\\router\\layer.js:95:5)\n    at D:\\Code\\learnCode\\Code\\react\\Mosh\\mosh-backend-project-vidly\\node_modules\\express\\lib\\router\\index.js:281:22\n    at Function.process_params (D:\\Code\\learnCode\\Code\\react\\Mosh\\mosh-backend-project-vidly\\node_modules\\express\\lib\\router\\index.js:335:12)\n    at next (D:\\Code\\learnCode\\Code\\react\\Mosh\\mosh-backend-project-vidly\\node_modules\\express\\lib\\router\\index.js:275:10)"}
{"level":"info","message":"Connected to MongoDB..."}
{"level":"error","message":"Can not get the genres..... Can not get the genres.....","stack":"Error: Can not get the genres.....\n    at D:\\Code\\learnCode\\Code\\react\\Mosh\\mosh-backend-project-vidly\\routes\\genres.js:11:9\n    at newFn (D:\\Code\\learnCode\\Code\\react\\Mosh\\mosh-backend-project-vidly\\node_modules\\express-async-errors\\index.js:16:20)\n    at Layer.handle [as handle_request] (D:\\Code\\learnCode\\Code\\react\\Mosh\\mosh-backend-project-vidly\\node_modules\\express\\lib\\router\\layer.js:95:5)\n    at next (D:\\Code\\learnCode\\Code\\react\\Mosh\\mosh-backend-project-vidly\\node_modules\\express\\lib\\router\\route.js:137:13)\n    at Route.dispatch (D:\\Code\\learnCode\\Code\\react\\Mosh\\mosh-backend-project-vidly\\node_modules\\express\\lib\\router\\route.js:112:3)\n    at newFn (D:\\Code\\learnCode\\Code\\react\\Mosh\\mosh-backend-project-vidly\\node_modules\\express-async-errors\\index.js:16:20)\n    at Layer.handle [as handle_request] (D:\\Code\\learnCode\\Code\\react\\Mosh\\mosh-backend-project-vidly\\node_modules\\express\\lib\\router\\layer.js:95:5)\n    at D:\\Code\\learnCode\\Code\\react\\Mosh\\mosh-backend-project-vidly\\node_modules\\express\\lib\\router\\index.js:281:22\n    at Function.process_params (D:\\Code\\learnCode\\Code\\react\\Mosh\\mosh-backend-project-vidly\\node_modules\\express\\lib\\router\\index.js:335:12)\n    at next (D:\\Code\\learnCode\\Code\\react\\Mosh\\mosh-backend-project-vidly\\node_modules\\express\\lib\\router\\index.js:275:10)"}
{"level":"info","message":"Connected to MongoDB..."}
{"level":"info","message":"Connected to MongoDB..."}
{"level":"info","message":"Connected to MongoDB..."}
{"level":"info","message":"Connected to MongoDB..."}
{"level":"info","message":"Connected to MongoDB..."}
{"level":"info","message":"Connected to MongoDB..."}
{"level":"info","message":"Connected to MongoDB..."}
{"level":"info","message":"Connected to MongoDB..."}
{"level":"info","message":"Connected to MongoDB..."}
{"level":"info","message":"Connected to MongoDB..."}
{"level":"info","message":"Connected to MongoDB..."}
{"level":"info","message":"Connected to MongoDB..."}
{"level":"info","message":"Connected to MongoDB..."}
{"level":"info","message":"Connected to MongoDB..."}
{"level":"info","message":"Connected to MongoDB..."}
{"level":"info","message":"Connected to MongoDB..."}
{"level":"info","message":"Connected to MongoDB..."}
{"level":"info","message":"Connected to MongoDB..."}
{"level":"info","message":"Connected to MongoDB..."}
{"level":"info","message":"Connected to MongoDB..."}
{"level":"info","message":"Connected to MongoDB..."}
{"level":"info","message":"Connected to MongoDB..."}
{"level":"info","message":"Connected to MongoDB..."}
{"_message":"Genre validation failed","errors":{"name":{"kind":"minlength","message":"Path `name` (`1234`) is shorter than the minimum allowed length (5).","name":"ValidatorError","path":"name","properties":{"message":"Path `name` (`1234`) is shorter than the minimum allowed length (5).","minlength":5,"path":"name","type":"minlength","value":"1234"},"value":"1234"}},"level":"error","message":"Genre validation failed: name: Path `name` (`1234`) is shorter than the minimum allowed length (5). Genre validation failed: name: Path `name` (`1234`) is shorter than the minimum allowed length (5).","stack":"ValidationError: Genre validation failed: name: Path `name` (`1234`) is shorter than the minimum allowed length (5).\n    at model.Object.<anonymous>.Document.invalidate (D:\\Code\\react-app\\mosh\\Vidly-mosh\\9.6- Project- Build the Movies API\\after\\vidly\\node_modules\\mongoose\\lib\\document.js:3013:32)\n    at D:\\Code\\react-app\\mosh\\Vidly-mosh\\9.6- Project- Build the Movies API\\after\\vidly\\node_modules\\mongoose\\lib\\document.js:2802:17\n    at D:\\Code\\react-app\\mosh\\Vidly-mosh\\9.6- Project- Build the Movies API\\after\\vidly\\node_modules\\mongoose\\lib\\schematype.js:1332:9\n    at processTicksAndRejections (node:internal/process/task_queues:77:11)"}
{"level":"info","message":"Connected to MongoDB..."}
{"level":"info","message":"Connected to MongoDB..."}
{"_message":"Genre validation failed","errors":{"name":{"kind":"maxlength","message":"Path `name` (`aaaaaaaaaaaaaaaaaaaaaaaaaaaaaaaaaaaaaaaaaaaaaaaaaaa`) is longer than the maximum allowed length (50).","name":"ValidatorError","path":"name","properties":{"maxlength":50,"message":"Path `name` (`aaaaaaaaaaaaaaaaaaaaaaaaaaaaaaaaaaaaaaaaaaaaaaaaaaa`) is longer than the maximum allowed length (50).","path":"name","type":"maxlength","value":"aaaaaaaaaaaaaaaaaaaaaaaaaaaaaaaaaaaaaaaaaaaaaaaaaaa"},"value":"aaaaaaaaaaaaaaaaaaaaaaaaaaaaaaaaaaaaaaaaaaaaaaaaaaa"}},"level":"error","message":"Genre validation failed: name: Path `name` (`aaaaaaaaaaaaaaaaaaaaaaaaaaaaaaaaaaaaaaaaaaaaaaaaaaa`) is longer than the maximum allowed length (50). Genre validation failed: name: Path `name` (`aaaaaaaaaaaaaaaaaaaaaaaaaaaaaaaaaaaaaaaaaaaaaaaaaaa`) is longer than the maximum allowed length (50).","stack":"ValidationError: Genre validation failed: name: Path `name` (`aaaaaaaaaaaaaaaaaaaaaaaaaaaaaaaaaaaaaaaaaaaaaaaaaaa`) is longer than the maximum allowed length (50).\n    at model.Object.<anonymous>.Document.invalidate (D:\\Code\\react-app\\mosh\\Vidly-mosh\\9.6- Project- Build the Movies API\\after\\vidly\\node_modules\\mongoose\\lib\\document.js:3013:32)\n    at D:\\Code\\react-app\\mosh\\Vidly-mosh\\9.6- Project- Build the Movies API\\after\\vidly\\node_modules\\mongoose\\lib\\document.js:2802:17\n    at D:\\Code\\react-app\\mosh\\Vidly-mosh\\9.6- Project- Build the Movies API\\after\\vidly\\node_modules\\mongoose\\lib\\schematype.js:1332:9\n    at processTicksAndRejections (node:internal/process/task_queues:77:11)"}
{"level":"info","message":"Connected to MongoDB..."}
{"level":"info","message":"Connected to MongoDB..."}
{"level":"info","message":"Connected to MongoDB..."}
{"level":"error","message":"Can not get the genres..... Can not get the genres.....","stack":"Error: Can not get the genres.....\n    at D:\\Code\\react-app\\mosh\\Vidly-mosh\\9.6- Project- Build the Movies API\\after\\vidly\\routes\\genres.js:12:9\n    at newFn (D:\\Code\\react-app\\mosh\\Vidly-mosh\\9.6- Project- Build the Movies API\\after\\vidly\\node_modules\\express-async-errors\\index.js:16:20)\n    at Layer.handle [as handle_request] (D:\\Code\\react-app\\mosh\\Vidly-mosh\\9.6- Project- Build the Movies API\\after\\vidly\\node_modules\\express\\lib\\router\\layer.js:95:5)\n    at next (D:\\Code\\react-app\\mosh\\Vidly-mosh\\9.6- Project- Build the Movies API\\after\\vidly\\node_modules\\express\\lib\\router\\route.js:137:13)\n    at Route.dispatch (D:\\Code\\react-app\\mosh\\Vidly-mosh\\9.6- Project- Build the Movies API\\after\\vidly\\node_modules\\express\\lib\\router\\route.js:112:3)\n    at newFn (D:\\Code\\react-app\\mosh\\Vidly-mosh\\9.6- Project- Build the Movies API\\after\\vidly\\node_modules\\express-async-errors\\index.js:16:20)\n    at Layer.handle [as handle_request] (D:\\Code\\react-app\\mosh\\Vidly-mosh\\9.6- Project- Build the Movies API\\after\\vidly\\node_modules\\express\\lib\\router\\layer.js:95:5)\n    at D:\\Code\\react-app\\mosh\\Vidly-mosh\\9.6- Project- Build the Movies API\\after\\vidly\\node_modules\\express\\lib\\router\\index.js:281:22\n    at Function.process_params (D:\\Code\\react-app\\mosh\\Vidly-mosh\\9.6- Project- Build the Movies API\\after\\vidly\\node_modules\\express\\lib\\router\\index.js:335:12)\n    at next (D:\\Code\\react-app\\mosh\\Vidly-mosh\\9.6- Project- Build the Movies API\\after\\vidly\\node_modules\\express\\lib\\router\\index.js:275:10)"}
{"level":"info","message":"Connected to MongoDB..."}
{"level":"info","message":"Connected to MongoDB..."}
{"level":"info","message":"Connected to MongoDB..."}
{"level":"info","message":"Connected to MongoDB..."}
{"level":"info","message":"Connected to MongoDB..."}
{"level":"error","message":"Can not get the genres..... Can not get the genres.....","stack":"Error: Can not get the genres.....\n    at D:\\Code\\react-app\\mosh\\Vidly-mosh\\9.6- Project- Build the Movies API\\after\\vidly\\routes\\genres.js:12:9\n    at newFn (D:\\Code\\react-app\\mosh\\Vidly-mosh\\9.6- Project- Build the Movies API\\after\\vidly\\node_modules\\express-async-errors\\index.js:16:20)\n    at Layer.handle [as handle_request] (D:\\Code\\react-app\\mosh\\Vidly-mosh\\9.6- Project- Build the Movies API\\after\\vidly\\node_modules\\express\\lib\\router\\layer.js:95:5)\n    at next (D:\\Code\\react-app\\mosh\\Vidly-mosh\\9.6- Project- Build the Movies API\\after\\vidly\\node_modules\\express\\lib\\router\\route.js:137:13)\n    at Route.dispatch (D:\\Code\\react-app\\mosh\\Vidly-mosh\\9.6- Project- Build the Movies API\\after\\vidly\\node_modules\\express\\lib\\router\\route.js:112:3)\n    at newFn (D:\\Code\\react-app\\mosh\\Vidly-mosh\\9.6- Project- Build the Movies API\\after\\vidly\\node_modules\\express-async-errors\\index.js:16:20)\n    at Layer.handle [as handle_request] (D:\\Code\\react-app\\mosh\\Vidly-mosh\\9.6- Project- Build the Movies API\\after\\vidly\\node_modules\\express\\lib\\router\\layer.js:95:5)\n    at D:\\Code\\react-app\\mosh\\Vidly-mosh\\9.6- Project- Build the Movies API\\after\\vidly\\node_modules\\express\\lib\\router\\index.js:281:22\n    at Function.process_params (D:\\Code\\react-app\\mosh\\Vidly-mosh\\9.6- Project- Build the Movies API\\after\\vidly\\node_modules\\express\\lib\\router\\index.js:335:12)\n    at next (D:\\Code\\react-app\\mosh\\Vidly-mosh\\9.6- Project- Build the Movies API\\after\\vidly\\node_modules\\express\\lib\\router\\index.js:275:10)"}
{"level":"info","message":"Connected to MongoDB..."}
{"level":"info","message":"Connected to MongoDB..."}
{"level":"info","message":"Connected to MongoDB..."}
{"level":"info","message":"Connected to MongoDB..."}
{"level":"info","message":"Connected to MongoDB..."}
{"level":"info","message":"Connected to MongoDB..."}
{"level":"info","message":"Connected to MongoDB..."}
{"level":"info","message":"Connected to MongoDB..."}
{"level":"info","message":"Connected to MongoDB..."}
{"level":"info","message":"Connected to MongoDB..."}
{"level":"info","message":"Connected to MongoDB..."}
{"level":"info","message":"Connected to MongoDB..."}
{"level":"info","message":"Connected to MongoDB..."}
{"level":"info","message":"Connected to MongoDB..."}
{"level":"info","message":"Connected to MongoDB..."}
{"level":"info","message":"Connected to MongoDB..."}
{"level":"info","message":"Connected to MongoDB..."}
{"level":"info","message":"Connected to MongoDB..."}
{"level":"info","message":"Connected to MongoDB..."}
{"level":"info","message":"Connected to MongoDB..."}
{"level":"info","message":"Connected to MongoDB..."}
{"level":"info","message":"Connected to MongoDB..."}
{"level":"info","message":"Connected to MongoDB..."}
{"level":"info","message":"Connected to MongoDB..."}
{"level":"info","message":"Connected to MongoDB..."}
